<?xml version="1.0" encoding="UTF-8"?>
<testsuite name="newhotel.RoomTest" tests="2" skipped="0" failures="0" errors="0" timestamp="2024-01-15T23:53:37" hostname="DESKTOP-4F98FJM" time="0.133">
  <properties/>
  <testcase name="bookAndCheckAvailability()" classname="newhotel.RoomTest" time="0.122"/>
  <testcase name="checkRoomDetails()" classname="newhotel.RoomTest" time="0.007"/>
  <system-out><![CDATA[]]></system-out>
  <system-err><![CDATA[]]></system-err>
</testsuite>
